<?xml version="1.0" encoding="UTF-8"?>
<testng-results ignored="0" total="1" passed="0" failed="1" skipped="0">
  <reporter-output>
  </reporter-output>
  <suite started-at="2023-01-12T19:28:45 EST" name="Default suite" finished-at="2023-01-12T19:28:45 EST" duration-ms="840">
    <groups>
    </groups>
    <test started-at="2023-01-12T19:28:45 EST" name="Default test" finished-at="2023-01-12T19:28:45 EST" duration-ms="840">
      <class name="com.api.test.GetAPITest">
        <test-method is-config="true" signature="setUp()[pri:0, instance:com.api.test.GetAPITest@140c9f39]" started-at="2023-01-12T19:28:45 EST" name="setUp" finished-at="2023-01-12T19:28:45 EST" duration-ms="12" status="PASS">
          <reporter-output>
          </reporter-output>
        </test-method> <!-- setUp -->
        <test-method signature="getAPITestWithoutHeaders()[pri:1, instance:com.api.test.GetAPITest@140c9f39]" started-at="2023-01-12T19:28:45 EST" name="getAPITestWithoutHeaders" finished-at="2023-01-12T19:28:45 EST" duration-ms="771" status="FAIL">
          <exception class="org.json.JSONException">
            <message>
              <![CDATA[A JSONObject text must begin with '{' at 1 [character 2 line 1]]]>
            </message>
            <full-stacktrace>
              <![CDATA[org.json.JSONException: A JSONObject text must begin with '{' at 1 [character 2 line 1]
at org.json.JSONTokener.syntaxError(JSONTokener.java:433)
at org.json.JSONObject.<init>(JSONObject.java:195)
at org.json.JSONObject.<init>(JSONObject.java:319)
at com.api.test.GetAPITest.getAPITestWithoutHeaders(GetAPITest.java:50)
at java.base/jdk.internal.reflect.NativeMethodAccessorImpl.invoke0(Native Method)
at java.base/jdk.internal.reflect.NativeMethodAccessorImpl.invoke(NativeMethodAccessorImpl.java:77)
at java.base/jdk.internal.reflect.DelegatingMethodAccessorImpl.invoke(DelegatingMethodAccessorImpl.java:43)
at java.base/java.lang.reflect.Method.invoke(Method.java:568)
at org.testng.internal.MethodInvocationHelper.invokeMethod(MethodInvocationHelper.java:133)
at org.testng.internal.TestInvoker.invokeMethod(TestInvoker.java:598)
at org.testng.internal.TestInvoker.invokeTestMethod(TestInvoker.java:173)
at org.testng.internal.MethodRunner.runInSequence(MethodRunner.java:46)
at org.testng.internal.TestInvoker$MethodInvocationAgent.invoke(TestInvoker.java:824)
at org.testng.internal.TestInvoker.invokeTestMethods(TestInvoker.java:146)
at org.testng.internal.TestMethodWorker.invokeTestMethods(TestMethodWorker.java:146)
at org.testng.internal.TestMethodWorker.run(TestMethodWorker.java:128)
at java.base/java.util.ArrayList.forEach(ArrayList.java:1511)
at org.testng.TestRunner.privateRun(TestRunner.java:794)
at org.testng.TestRunner.run(TestRunner.java:596)
at org.testng.SuiteRunner.runTest(SuiteRunner.java:377)
at org.testng.SuiteRunner.runSequentially(SuiteRunner.java:371)
at org.testng.SuiteRunner.privateRun(SuiteRunner.java:332)
at org.testng.SuiteRunner.run(SuiteRunner.java:276)
at org.testng.SuiteRunnerWorker.runSuite(SuiteRunnerWorker.java:53)
at org.testng.SuiteRunnerWorker.run(SuiteRunnerWorker.java:96)
at org.testng.TestNG.runSuitesSequentially(TestNG.java:1212)
at org.testng.TestNG.runSuitesLocally(TestNG.java:1134)
at org.testng.TestNG.runSuites(TestNG.java:1063)
at org.testng.TestNG.run(TestNG.java:1031)
at org.testng.remote.AbstractRemoteTestNG.run(AbstractRemoteTestNG.java:115)
at org.testng.remote.RemoteTestNG.initAndRun(RemoteTestNG.java:251)
at org.testng.remote.RemoteTestNG.main(RemoteTestNG.java:77)
]]>
            </full-stacktrace>
          </exception> <!-- org.json.JSONException -->
          <reporter-output>
          </reporter-output>
        </test-method> <!-- getAPITestWithoutHeaders -->
      </class> <!-- com.api.test.GetAPITest -->
    </test> <!-- Default test -->
  </suite> <!-- Default suite -->
</testng-results>
